<?xml version="1.0" encoding="UTF-8"?>
<!-- Generated by org.testng.reporters.JUnitXMLReporter -->
<testsuite ignored="0" hostname="LAPTOP-DO9QMA4Q" failures="1" tests="3" name="Test" time="29.125" errors="0" timestamp="2025-01-09T12:16:36 EST">
  <testcase classname="ultimateQaTestClass.LoginTest" name="validateuserlogin" time="2.437"/>
  <testcase classname="ultimateQaTestClass.RegisterTest" name="registerNewUser" time="3.798">
    <failure type="java.lang.AssertionError" message="The following asserts failed:
	Text does not match! expected [Yo4ur registration completed] but found [Your registration completed]">
      <![CDATA[java.lang.AssertionError: The following asserts failed:
Text does not match! expected [Yo4ur registration completed] but found [Your registration completed]
at Utility.SeleniumUtilities.softAssertTextEquals(SeleniumUtilities.java:65)
at ultimateQAPages.RegisterPage.clickOnContinueButton(RegisterPage.java:58)
at ultimateQaTestClass.RegisterTest.registerNewUser(RegisterTest.java:22)
at java.base/java.util.ArrayList.forEach(ArrayList.java:1596)
... Removed 27 stack frames]]>
    </failure>
  </testcase> <!-- registerNewUser -->
  <testcase classname="ultimateQaTestClass.AddToCartTest" name="addToCart" time="5.431"/>
</testsuite> <!-- Test -->
